This file contains any messages produced by compilers while
running configure, to aid debugging if configure makes a mistake.

It was created by libmnl configure 1.0.5, which was
generated by GNU Autoconf 2.71.  Invocation command line was

  $ ./configure --no-create --no-recursion

## --------- ##
## Platform. ##
## --------- ##

hostname = tegra-ubuntu
uname -m = aarch64
uname -r = 5.15.122-tegra
uname -s = Linux
uname -v = #2 SMP PREEMPT Fri Jan 5 15:58:22 CST 2024

/usr/bin/uname -p = aarch64
/bin/uname -X     = unknown

/bin/arch              = aarch64
/usr/bin/arch -k       = unknown
/usr/convex/getsysinfo = unknown
/usr/bin/hostinfo      = unknown
/bin/machine           = unknown
/usr/bin/oslevel       = unknown
/bin/universe          = unknown

PATH: /usr/local/sbin/
PATH: /usr/local/bin/
PATH: /usr/sbin/
PATH: /usr/bin/
PATH: /sbin/
PATH: /bin/
PATH: /usr/games/
PATH: /usr/local/games/
PATH: /snap/bin/


## ----------- ##
## Core tests. ##
## ----------- ##

configure:2360: looking for aux files: ltmain.sh compile missing install-sh config.guess config.sub
configure:2373:  trying ./build-aux/
configure:2402:   ./build-aux/ltmain.sh found
configure:2402:   ./build-aux/compile found
configure:2402:   ./build-aux/missing found
configure:2384:   ./build-aux/install-sh found
configure:2402:   ./build-aux/config.guess found
configure:2402:   ./build-aux/config.sub found
configure:2521: checking build system type
configure:2536: result: aarch64-unknown-linux-gnu
configure:2556: checking host system type
configure:2570: result: aarch64-unknown-linux-gnu
configure:2610: checking for a BSD-compatible install
configure:2683: result: /usr/bin/install -c
configure:2694: checking whether build environment is sane
configure:2749: result: yes
configure:2908: checking for a race-free mkdir -p
configure:2952: result: /usr/bin/mkdir -p
configure:2959: checking for gawk
configure:2994: result: no
configure:2959: checking for mawk
configure:2980: found /usr/bin/mawk
configure:2991: result: mawk
configure:3002: checking whether make sets $(MAKE)
configure:3025: result: yes
configure:3055: checking whether make supports nested variables
configure:3073: result: yes
configure:3148: checking how to create a pax tar archive
configure:3159: tar --version
tar (GNU tar) 1.34
Copyright (C) 2021 Free Software Foundation, Inc.
License GPLv3+: GNU GPL version 3 or later <https://gnu.org/licenses/gpl.html>.
This is free software: you are free to change and redistribute it.
There is NO WARRANTY, to the extent permitted by law.

Written by John Gilmore and Jay Fenlason.
configure:3162: $? = 0
configure:3202: tardir=conftest.dir && eval tar --format=posix -chf - "$tardir" >conftest.tar
configure:3205: $? = 0
configure:3209: tar -xf - <conftest.tar
configure:3212: $? = 0
configure:3214: cat conftest.dir/file
GrepMe
configure:3217: $? = 0
configure:3231: result: gnutar
configure:3308: checking whether make supports nested variables
configure:3326: result: yes
configure:3400: checking for gcc
configure:3421: found /usr/bin/gcc
configure:3432: result: gcc
configure:3785: checking for C compiler version
configure:3794: gcc --version >&5
gcc (Ubuntu 11.4.0-1ubuntu1~22.04) 11.4.0
Copyright (C) 2021 Free Software Foundation, Inc.
This is free software; see the source for copying conditions.  There is NO
warranty; not even for MERCHANTABILITY or FITNESS FOR A PARTICULAR PURPOSE.

configure:3805: $? = 0
configure:3794: gcc -v >&5
Using built-in specs.
COLLECT_GCC=gcc
COLLECT_LTO_WRAPPER=/usr/lib/gcc/aarch64-linux-gnu/11/lto-wrapper
Target: aarch64-linux-gnu
Configured with: ../src/configure -v --with-pkgversion='Ubuntu 11.4.0-1ubuntu1~22.04' --with-bugurl=file:///usr/share/doc/gcc-11/README.Bugs --enable-languages=c,ada,c++,go,d,fortran,objc,obj-c++,m2 --prefix=/usr --with-gcc-major-version-only --program-suffix=-11 --program-prefix=aarch64-linux-gnu- --enable-shared --enable-linker-build-id --libexecdir=/usr/lib --without-included-gettext --enable-threads=posix --libdir=/usr/lib --enable-nls --enable-bootstrap --enable-clocale=gnu --enable-libstdcxx-debug --enable-libstdcxx-time=yes --with-default-libstdcxx-abi=new --enable-gnu-unique-object --disable-libquadmath --disable-libquadmath-support --enable-plugin --enable-default-pie --with-system-zlib --enable-libphobos-checking=release --with-target-system-zlib=auto --enable-objc-gc=auto --enable-multiarch --enable-fix-cortex-a53-843419 --disable-werror --enable-checking=release --build=aarch64-linux-gnu --host=aarch64-linux-gnu --target=aarch64-linux-gnu --with-build-config=bootstrap-lto-lean --enable-link-serialization=2
Thread model: posix
Supported LTO compression algorithms: zlib zstd
gcc version 11.4.0 (Ubuntu 11.4.0-1ubuntu1~22.04) 
configure:3805: $? = 0
configure:3794: gcc -V >&5
gcc: error: unrecognized command-line option '-V'
gcc: fatal error: no input files
compilation terminated.
configure:3805: $? = 1
configure:3794: gcc -qversion >&5
gcc: error: unrecognized command-line option '-qversion'; did you mean '--version'?
gcc: fatal error: no input files
compilation terminated.
configure:3805: $? = 1
configure:3794: gcc -version >&5
gcc: error: unrecognized command-line option '-version'
gcc: fatal error: no input files
compilation terminated.
configure:3805: $? = 1
configure:3825: checking whether the C compiler works
configure:3847: gcc    conftest.c  >&5
configure:3851: $? = 0
configure:3901: result: yes
configure:3904: checking for C compiler default output file name
configure:3906: result: a.out
configure:3912: checking for suffix of executables
configure:3919: gcc -o conftest    conftest.c  >&5
configure:3923: $? = 0
configure:3946: result: 
configure:3968: checking whether we are cross compiling
configure:3976: gcc -o conftest    conftest.c  >&5
configure:3980: $? = 0
configure:3987: ./conftest
configure:3991: $? = 0
configure:4006: result: no
configure:4011: checking for suffix of object files
configure:4034: gcc -c   conftest.c >&5
configure:4038: $? = 0
configure:4060: result: o
configure:4064: checking whether the compiler supports GNU C
configure:4084: gcc -c   conftest.c >&5
configure:4084: $? = 0
configure:4094: result: yes
configure:4105: checking whether gcc accepts -g
configure:4126: gcc -c -g  conftest.c >&5
configure:4126: $? = 0
configure:4170: result: yes
configure:4190: checking for gcc option to enable C11 features
configure:4205: gcc  -c -g -O2  conftest.c >&5
configure:4205: $? = 0
configure:4223: result: none needed
configure:4339: checking whether gcc understands -c and -o together
configure:4362: gcc -c conftest.c -o conftest2.o
configure:4365: $? = 0
configure:4362: gcc -c conftest.c -o conftest2.o
configure:4365: $? = 0
configure:4377: result: yes
configure:4397: checking whether make supports the include directive
configure:4412: make -f confmf.GNU && cat confinc.out
make[1]: Entering directory '/home/nvidia/Desktop/NRU-220S_JP6_Public/libmnl-1.0.5'
make[1]: Leaving directory '/home/nvidia/Desktop/NRU-220S_JP6_Public/libmnl-1.0.5'
this is the am__doit target
configure:4415: $? = 0
configure:4434: result: yes (GNU style)
configure:4460: checking dependency style of gcc
configure:4572: result: gcc3
configure:4668: checking how to print strings
configure:4695: result: printf
configure:4716: checking for a sed that does not truncate output
configure:4786: result: /usr/bin/sed
configure:4804: checking for grep that handles long lines and -e
configure:4868: result: /usr/bin/grep
configure:4873: checking for egrep
configure:4941: result: /usr/bin/grep -E
configure:4946: checking for fgrep
configure:5014: result: /usr/bin/grep -F
configure:5050: checking for ld used by gcc
configure:5118: result: /usr/bin/ld
configure:5125: checking if the linker (/usr/bin/ld) is GNU ld
configure:5141: result: yes
configure:5153: checking for BSD- or MS-compatible name lister (nm)
configure:5208: result: /usr/bin/nm -B
configure:5348: checking the name lister (/usr/bin/nm -B) interface
configure:5356: gcc -c -g -O2  conftest.c >&5
configure:5359: /usr/bin/nm -B "conftest.o"
configure:5362: output
0000000000000000 B some_variable
configure:5369: result: BSD nm
configure:5372: checking whether ln -s works
configure:5376: result: yes
configure:5384: checking the maximum length of command line arguments
configure:5516: result: 1572864
configure:5564: checking how to convert aarch64-unknown-linux-gnu file names to aarch64-unknown-linux-gnu format
configure:5605: result: func_convert_file_noop
configure:5612: checking how to convert aarch64-unknown-linux-gnu file names to toolchain format
configure:5633: result: func_convert_file_noop
configure:5640: checking for /usr/bin/ld option to reload object files
configure:5648: result: -r
configure:5727: checking for objdump
configure:5748: found /usr/bin/objdump
configure:5759: result: objdump
configure:5791: checking how to recognize dependent libraries
configure:5992: result: pass_all
configure:6082: checking for dlltool
configure:6117: result: no
configure:6147: checking how to associate runtime and link libraries
configure:6175: result: printf %s\n
configure:6241: checking for ar
configure:6262: found /usr/bin/ar
configure:6273: result: ar
configure:6310: checking for archiver @FILE support
configure:6328: gcc -c -g -O2  conftest.c >&5
configure:6328: $? = 0
configure:6332: ar cr libconftest.a @conftest.lst >&5
configure:6335: $? = 0
configure:6340: ar cr libconftest.a @conftest.lst >&5
ar: conftest.o: No such file or directory
configure:6343: $? = 1
configure:6355: result: @
configure:6418: checking for strip
configure:6439: found /usr/bin/strip
configure:6450: result: strip
configure:6527: checking for ranlib
configure:6548: found /usr/bin/ranlib
configure:6559: result: ranlib
configure:6661: checking command to parse /usr/bin/nm -B output from gcc object
configure:6815: gcc -c -g -O2  conftest.c >&5
configure:6818: $? = 0
configure:6822: /usr/bin/nm -B conftest.o | sed -n -e 's/^.*[	 ]\([ABCDGIRSTW][ABCDGIRSTW]*\)[	 ][	 ]*\([_A-Za-z][_A-Za-z0-9]*\)$/\1 \2 \2/p' | sed '/ __gnu_lto/d' > conftest.nm
configure:6888: gcc -o conftest -g -O2   conftest.c conftstm.o >&5
configure:6891: $? = 0
configure:6929: result: ok
configure:6976: checking for sysroot
configure:7007: result: no
configure:7014: checking for a working dd
configure:7058: result: /usr/bin/dd
configure:7062: checking how to truncate binary pipes
configure:7078: result: /usr/bin/dd bs=4096 count=1
configure:7415: checking for mt
configure:7436: found /usr/bin/mt
configure:7447: result: mt
configure:7470: checking if mt is a manifest tool
configure:7477: mt '-?'
configure:7485: result: no
configure:8215: checking for stdio.h
configure:8215: gcc -c -g -O2  conftest.c >&5
configure:8215: $? = 0
configure:8215: result: yes
configure:8215: checking for stdlib.h
configure:8215: gcc -c -g -O2  conftest.c >&5
configure:8215: $? = 0
configure:8215: result: yes
configure:8215: checking for string.h
configure:8215: gcc -c -g -O2  conftest.c >&5
configure:8215: $? = 0
configure:8215: result: yes
configure:8215: checking for inttypes.h
configure:8215: gcc -c -g -O2  conftest.c >&5
configure:8215: $? = 0
configure:8215: result: yes
configure:8215: checking for stdint.h
configure:8215: gcc -c -g -O2  conftest.c >&5
configure:8215: $? = 0
configure:8215: result: yes
configure:8215: checking for strings.h
configure:8215: gcc -c -g -O2  conftest.c >&5
configure:8215: $? = 0
configure:8215: result: yes
configure:8215: checking for sys/stat.h
configure:8215: gcc -c -g -O2  conftest.c >&5
configure:8215: $? = 0
configure:8215: result: yes
configure:8215: checking for sys/types.h
configure:8215: gcc -c -g -O2  conftest.c >&5
configure:8215: $? = 0
configure:8215: result: yes
configure:8215: checking for unistd.h
configure:8215: gcc -c -g -O2  conftest.c >&5
configure:8215: $? = 0
configure:8215: result: yes
configure:8240: checking for dlfcn.h
configure:8240: gcc -c -g -O2  conftest.c >&5
configure:8240: $? = 0
configure:8240: result: yes
configure:8468: checking for objdir
configure:8484: result: .libs
configure:8748: checking if gcc supports -fno-rtti -fno-exceptions
configure:8767: gcc -c -g -O2  -fno-rtti -fno-exceptions conftest.c >&5
cc1: warning: command-line option '-fno-rtti' is valid for C++/D/ObjC++ but not for C
configure:8771: $? = 0
configure:8784: result: no
configure:9148: checking for gcc option to produce PIC
configure:9156: result: -fPIC -DPIC
configure:9164: checking if gcc PIC flag -fPIC -DPIC works
configure:9183: gcc -c -g -O2  -fPIC -DPIC -DPIC conftest.c >&5
configure:9187: $? = 0
configure:9200: result: yes
configure:9229: checking if gcc static flag -static works
configure:9258: result: yes
configure:9273: checking if gcc supports -c -o file.o
configure:9295: gcc -c -g -O2  -o out/conftest2.o conftest.c >&5
configure:9299: $? = 0
configure:9321: result: yes
configure:9329: checking if gcc supports -c -o file.o
configure:9377: result: yes
configure:9410: checking whether the gcc linker (/usr/bin/ld) supports shared libraries
configure:10680: result: yes
configure:10717: checking whether -lc should be explicitly linked in
configure:10726: gcc -c -g -O2  conftest.c >&5
configure:10729: $? = 0
configure:10744: gcc -shared  -fPIC -DPIC conftest.o  -v -Wl,-soname -Wl,conftest -o conftest 2\>\&1 \| /usr/bin/grep  -lc  \>/dev/null 2\>\&1
configure:10747: $? = 0
configure:10761: result: no
configure:10921: checking dynamic linker characteristics
configure:11503: gcc -o conftest -g -O2   -Wl,-rpath -Wl,/foo conftest.c  >&5
configure:11503: $? = 0
configure:11754: result: GNU/Linux ld.so
configure:11876: checking how to hardcode library paths into programs
configure:11901: result: immediate
configure:12453: checking whether stripping libraries is possible
configure:12458: result: yes
configure:12493: checking if libtool supports shared libraries
configure:12495: result: yes
configure:12498: checking whether to build shared libraries
configure:12523: result: yes
configure:12526: checking whether to build static libraries
configure:12530: result: no
configure:12576: checking whether compiler accepts -fvisibility=hidden
configure:12586: gcc -c -g -O2 -fvisibility=hidden  conftest.c >&5
configure:12586: $? = 0
configure:12595: result: yes
configure:12643: checking for doxygen
configure:12678: result: no
configure:12690: checking for dot
configure:12725: result: no
configure:12759: WARNING: Doxygen not found - continuing without Doxygen support
configure:12867: checking that generated files are newer than configure
configure:12873: result: done
configure:12900: creating ./config.status

## ---------------- ##
## Cache variables. ##
## ---------------- ##

ac_cv_build=aarch64-unknown-linux-gnu
ac_cv_c_compiler_gnu=yes
ac_cv_env_CC_set=
ac_cv_env_CC_value=
ac_cv_env_CFLAGS_set=
ac_cv_env_CFLAGS_value=
ac_cv_env_CPPFLAGS_set=
ac_cv_env_CPPFLAGS_value=
ac_cv_env_LDFLAGS_set=
ac_cv_env_LDFLAGS_value=
ac_cv_env_LIBS_set=
ac_cv_env_LIBS_value=
ac_cv_env_LT_SYS_LIBRARY_PATH_set=
ac_cv_env_LT_SYS_LIBRARY_PATH_value=
ac_cv_env_build_alias_set=
ac_cv_env_build_alias_value=
ac_cv_env_host_alias_set=
ac_cv_env_host_alias_value=
ac_cv_env_target_alias_set=
ac_cv_env_target_alias_value=
ac_cv_fvisibility_hidden=yes
ac_cv_header_dlfcn_h=yes
ac_cv_header_inttypes_h=yes
ac_cv_header_stdint_h=yes
ac_cv_header_stdio_h=yes
ac_cv_header_stdlib_h=yes
ac_cv_header_string_h=yes
ac_cv_header_strings_h=yes
ac_cv_header_sys_stat_h=yes
ac_cv_header_sys_types_h=yes
ac_cv_header_unistd_h=yes
ac_cv_host=aarch64-unknown-linux-gnu
ac_cv_objext=o
ac_cv_path_EGREP='/usr/bin/grep -E'
ac_cv_path_FGREP='/usr/bin/grep -F'
ac_cv_path_GREP=/usr/bin/grep
ac_cv_path_SED=/usr/bin/sed
ac_cv_path_install='/usr/bin/install -c'
ac_cv_path_lt_DD=/usr/bin/dd
ac_cv_path_mkdir=/usr/bin/mkdir
ac_cv_prog_AWK=mawk
ac_cv_prog_ac_ct_AR=ar
ac_cv_prog_ac_ct_CC=gcc
ac_cv_prog_ac_ct_MANIFEST_TOOL=mt
ac_cv_prog_ac_ct_OBJDUMP=objdump
ac_cv_prog_ac_ct_RANLIB=ranlib
ac_cv_prog_ac_ct_STRIP=strip
ac_cv_prog_cc_c11=
ac_cv_prog_cc_g=yes
ac_cv_prog_cc_stdc=
ac_cv_prog_make_make_set=yes
am_cv_CC_dependencies_compiler_type=gcc3
am_cv_make_support_nested_variables=yes
am_cv_prog_cc_c_o=yes
am_cv_prog_tar_pax=gnutar
lt_cv_ar_at_file=@
lt_cv_archive_cmds_need_lc=no
lt_cv_deplibs_check_method=pass_all
lt_cv_file_magic_cmd='$MAGIC_CMD'
lt_cv_file_magic_test_file=
lt_cv_ld_reload_flag=-r
lt_cv_nm_interface='BSD nm'
lt_cv_objdir=.libs
lt_cv_path_LD=/usr/bin/ld
lt_cv_path_NM='/usr/bin/nm -B'
lt_cv_path_mainfest_tool=no
lt_cv_prog_compiler_c_o=yes
lt_cv_prog_compiler_pic='-fPIC -DPIC'
lt_cv_prog_compiler_pic_works=yes
lt_cv_prog_compiler_rtti_exceptions=no
lt_cv_prog_compiler_static_works=yes
lt_cv_prog_gnu_ld=yes
lt_cv_sharedlib_from_linklib_cmd='printf %s\n'
lt_cv_shlibpath_overrides_runpath=yes
lt_cv_sys_global_symbol_pipe='sed -n -e '\''s/^.*[	 ]\([ABCDGIRSTW][ABCDGIRSTW]*\)[	 ][	 ]*\([_A-Za-z][_A-Za-z0-9]*\)$/\1 \2 \2/p'\'' | sed '\''/ __gnu_lto/d'\'''
lt_cv_sys_global_symbol_to_c_name_address='sed -n -e '\''s/^: \(.*\) .*$/  {"\1", (void *) 0},/p'\'' -e '\''s/^[ABCDGIRSTW][ABCDGIRSTW]* .* \(.*\)$/  {"\1", (void *) \&\1},/p'\'''
lt_cv_sys_global_symbol_to_c_name_address_lib_prefix='sed -n -e '\''s/^: \(.*\) .*$/  {"\1", (void *) 0},/p'\'' -e '\''s/^[ABCDGIRSTW][ABCDGIRSTW]* .* \(lib.*\)$/  {"\1", (void *) \&\1},/p'\'' -e '\''s/^[ABCDGIRSTW][ABCDGIRSTW]* .* \(.*\)$/  {"lib\1", (void *) \&\1},/p'\'''
lt_cv_sys_global_symbol_to_cdecl='sed -n -e '\''s/^T .* \(.*\)$/extern int \1();/p'\'' -e '\''s/^[ABCDGIRSTW][ABCDGIRSTW]* .* \(.*\)$/extern char \1;/p'\'''
lt_cv_sys_global_symbol_to_import=
lt_cv_sys_max_cmd_len=1572864
lt_cv_to_host_file_cmd=func_convert_file_noop
lt_cv_to_tool_file_cmd=func_convert_file_noop
lt_cv_truncate_bin='/usr/bin/dd bs=4096 count=1'

## ----------------- ##
## Output variables. ##
## ----------------- ##

ACLOCAL='${SHELL} '\''/home/nvidia/Desktop/NRU-220S_JP6_Public/libmnl-1.0.5/build-aux/missing'\'' aclocal-1.16'
AMDEPBACKSLASH='\'
AMDEP_FALSE='#'
AMDEP_TRUE=''
AMTAR='$${TAR-tar}'
AM_BACKSLASH='\'
AM_DEFAULT_V='$(AM_DEFAULT_VERBOSITY)'
AM_DEFAULT_VERBOSITY='0'
AM_V='$(V)'
AR='ar'
AUTOCONF='${SHELL} '\''/home/nvidia/Desktop/NRU-220S_JP6_Public/libmnl-1.0.5/build-aux/missing'\'' autoconf'
AUTOHEADER='${SHELL} '\''/home/nvidia/Desktop/NRU-220S_JP6_Public/libmnl-1.0.5/build-aux/missing'\'' autoheader'
AUTOMAKE='${SHELL} '\''/home/nvidia/Desktop/NRU-220S_JP6_Public/libmnl-1.0.5/build-aux/missing'\'' automake-1.16'
AWK='mawk'
CC='gcc'
CCDEPMODE='depmode=gcc3'
CFLAGS='-g -O2'
CPPFLAGS=''
CSCOPE='cscope'
CTAGS='ctags'
CYGPATH_W='echo'
DEFS='-DHAVE_CONFIG_H'
DEPDIR='.deps'
DLLTOOL='false'
DOT=''
DOXYGEN=''
DSYMUTIL=''
DUMPBIN=''
ECHO_C=''
ECHO_N='-n'
ECHO_T=''
EGREP='/usr/bin/grep -E'
ETAGS='etags'
EXEEXT=''
FGREP='/usr/bin/grep -F'
GCC_FVISIBILITY_HIDDEN='-fvisibility=hidden'
GREP='/usr/bin/grep'
HAVE_DOT='NO'
HAVE_DOXYGEN_FALSE=''
HAVE_DOXYGEN_TRUE='#'
INSTALL_DATA='${INSTALL} -m 644'
INSTALL_PROGRAM='${INSTALL}'
INSTALL_SCRIPT='${INSTALL}'
INSTALL_STRIP_PROGRAM='$(install_sh) -c -s'
LD='/usr/bin/ld'
LDFLAGS=''
LIBOBJS=''
LIBS=''
LIBTOOL='$(SHELL) $(top_builddir)/libtool'
LIPO=''
LN_S='ln -s'
LTLIBOBJS=''
LT_SYS_LIBRARY_PATH=''
MAKEINFO='${SHELL} '\''/home/nvidia/Desktop/NRU-220S_JP6_Public/libmnl-1.0.5/build-aux/missing'\'' makeinfo'
MANIFEST_TOOL=':'
MKDIR_P='/usr/bin/mkdir -p'
NM='/usr/bin/nm -B'
NMEDIT=''
OBJDUMP='objdump'
OBJEXT='o'
OTOOL64=''
OTOOL=''
PACKAGE='libmnl'
PACKAGE_BUGREPORT=''
PACKAGE_NAME='libmnl'
PACKAGE_STRING='libmnl 1.0.5'
PACKAGE_TARNAME='libmnl'
PACKAGE_URL=''
PACKAGE_VERSION='1.0.5'
PATH_SEPARATOR=':'
RANLIB='ranlib'
SED='/usr/bin/sed'
SET_MAKE=''
SHELL='/bin/bash'
STRIP='strip'
VERSION='1.0.5'
ac_ct_AR='ar'
ac_ct_CC='gcc'
ac_ct_DUMPBIN=''
am__EXEEXT_FALSE=''
am__EXEEXT_TRUE='#'
am__fastdepCC_FALSE='#'
am__fastdepCC_TRUE=''
am__include='include'
am__isrc=''
am__leading_dot='.'
am__nodep='_no'
am__quote=''
am__tar='tar --format=posix -chf - "$$tardir"'
am__untar='tar -xf -'
bindir='${exec_prefix}/bin'
build='aarch64-unknown-linux-gnu'
build_alias=''
build_cpu='aarch64'
build_os='linux-gnu'
build_vendor='unknown'
datadir='${datarootdir}'
datarootdir='${prefix}/share'
docdir='${datarootdir}/doc/${PACKAGE_TARNAME}'
dvidir='${docdir}'
exec_prefix='${prefix}'
host='aarch64-unknown-linux-gnu'
host_alias=''
host_cpu='aarch64'
host_os='linux-gnu'
host_vendor='unknown'
htmldir='${docdir}'
includedir='${prefix}/include'
infodir='${datarootdir}/info'
install_sh='${SHELL} /home/nvidia/Desktop/NRU-220S_JP6_Public/libmnl-1.0.5/build-aux/install-sh'
libdir='${exec_prefix}/lib'
libexecdir='${exec_prefix}/libexec'
localedir='${datarootdir}/locale'
localstatedir='${prefix}/var'
mandir='${datarootdir}/man'
mkdir_p='$(MKDIR_P)'
oldincludedir='/usr/include'
pdfdir='${docdir}'
prefix='/usr/local'
program_transform_name='s,x,x,'
psdir='${docdir}'
regular_CFLAGS='-Wall -Waggregate-return -Wmissing-declarations 	-Wmissing-prototypes -Wshadow -Wstrict-prototypes 	-Wformat=2 -pipe'
regular_CPPFLAGS='-D_FILE_OFFSET_BITS=64 -D_REENTRANT'
runstatedir='${localstatedir}/run'
sbindir='${exec_prefix}/sbin'
sharedstatedir='${prefix}/com'
sysconfdir='${prefix}/etc'
target_alias=''

## ----------- ##
## confdefs.h. ##
## ----------- ##

/* confdefs.h */
#define PACKAGE_NAME "libmnl"
#define PACKAGE_TARNAME "libmnl"
#define PACKAGE_VERSION "1.0.5"
#define PACKAGE_STRING "libmnl 1.0.5"
#define PACKAGE_BUGREPORT ""
#define PACKAGE_URL ""
#define PACKAGE "libmnl"
#define VERSION "1.0.5"
#define HAVE_STDIO_H 1
#define HAVE_STDLIB_H 1
#define HAVE_STRING_H 1
#define HAVE_INTTYPES_H 1
#define HAVE_STDINT_H 1
#define HAVE_STRINGS_H 1
#define HAVE_SYS_STAT_H 1
#define HAVE_SYS_TYPES_H 1
#define HAVE_UNISTD_H 1
#define STDC_HEADERS 1
#define HAVE_DLFCN_H 1
#define LT_OBJDIR ".libs/"
#define HAVE_VISIBILITY_HIDDEN 1

configure: exit 0

## ---------------------- ##
## Running config.status. ##
## ---------------------- ##

This file was extended by libmnl config.status 1.0.5, which was
generated by GNU Autoconf 2.71.  Invocation command line was

  CONFIG_FILES    = 
  CONFIG_HEADERS  = 
  CONFIG_LINKS    = 
  CONFIG_COMMANDS = 
  $ ./config.status 

on tegra-ubuntu

config.status:1101: creating Makefile
config.status:1101: creating src/Makefile
config.status:1101: creating include/Makefile
config.status:1101: creating include/libmnl/Makefile
config.status:1101: creating include/linux/Makefile
config.status:1101: creating include/linux/netfilter/Makefile
config.status:1101: creating examples/Makefile
config.status:1101: creating examples/genl/Makefile
config.status:1101: creating examples/kobject/Makefile
config.status:1101: creating examples/netfilter/Makefile
config.status:1101: creating examples/rtnl/Makefile
config.status:1101: creating libmnl.pc
config.status:1101: creating doxygen.cfg
config.status:1101: creating doxygen/Makefile
config.status:1101: creating config.h
config.status:1330: executing depfiles commands
config.status:1407: cd src       && sed -e '/# am--include-marker/d' Makefile         | make -f - am--depfiles
make[1]: Entering directory '/home/nvidia/Desktop/NRU-220S_JP6_Public/libmnl-1.0.5/src'
make[1]: Nothing to be done for 'am--depfiles'.
make[1]: Leaving directory '/home/nvidia/Desktop/NRU-220S_JP6_Public/libmnl-1.0.5/src'
config.status:1412: $? = 0
config.status:1407: cd examples/genl       && sed -e '/# am--include-marker/d' Makefile         | make -f - am--depfiles
make[1]: Entering directory '/home/nvidia/Desktop/NRU-220S_JP6_Public/libmnl-1.0.5/examples/genl'
make[1]: Nothing to be done for 'am--depfiles'.
make[1]: Leaving directory '/home/nvidia/Desktop/NRU-220S_JP6_Public/libmnl-1.0.5/examples/genl'
config.status:1412: $? = 0
config.status:1407: cd examples/kobject       && sed -e '/# am--include-marker/d' Makefile         | make -f - am--depfiles
make[1]: Entering directory '/home/nvidia/Desktop/NRU-220S_JP6_Public/libmnl-1.0.5/examples/kobject'
make[1]: Nothing to be done for 'am--depfiles'.
make[1]: Leaving directory '/home/nvidia/Desktop/NRU-220S_JP6_Public/libmnl-1.0.5/examples/kobject'
config.status:1412: $? = 0
config.status:1407: cd examples/netfilter       && sed -e '/# am--include-marker/d' Makefile         | make -f - am--depfiles
make[1]: Entering directory '/home/nvidia/Desktop/NRU-220S_JP6_Public/libmnl-1.0.5/examples/netfilter'
make[1]: Nothing to be done for 'am--depfiles'.
make[1]: Leaving directory '/home/nvidia/Desktop/NRU-220S_JP6_Public/libmnl-1.0.5/examples/netfilter'
config.status:1412: $? = 0
config.status:1407: cd examples/rtnl       && sed -e '/# am--include-marker/d' Makefile         | make -f - am--depfiles
make[1]: Entering directory '/home/nvidia/Desktop/NRU-220S_JP6_Public/libmnl-1.0.5/examples/rtnl'
make[1]: Nothing to be done for 'am--depfiles'.
make[1]: Leaving directory '/home/nvidia/Desktop/NRU-220S_JP6_Public/libmnl-1.0.5/examples/rtnl'
config.status:1412: $? = 0
config.status:1330: executing libtool commands

## ---------------------- ##
## Running config.status. ##
## ---------------------- ##

This file was extended by libmnl config.status 1.0.5, which was
generated by GNU Autoconf 2.71.  Invocation command line was

  CONFIG_FILES    = 
  CONFIG_HEADERS  = 
  CONFIG_LINKS    = 
  CONFIG_COMMANDS = 
  $ ./config.status config.h

on tegra-ubuntu

config.status:1101: creating config.h
